<?xml version="1.0" encoding="UTF-8"?>
<!-- Generated by org.testng.reporters.JUnitReportReporter -->
<testsuite skipped="0" hostname="ip-172-31-81-217" name="com.main.SecondClasa" tests="1" failures="0" timestamp="2022-01-29T16:29:04 UTC" time="0.000" errors="0">
  <testcase name="secondClassMEthod" time="0.000" classname="com.main.SecondClasa"/>
  <system-out/>
</testsuite> <!-- com.main.SecondClasa -->
