<?xml version="1.0" encoding="UTF-8"?>
<!-- Generated by org.testng.reporters.JUnitReportReporter -->
<testsuite skipped="0" hostname="ip-172-31-81-217" name="com.main.FirstClassInMaven" tests="1" failures="0" timestamp="2022-01-29T16:29:04 UTC" time="1.531" errors="0">
  <testcase name="testMethod1" time="1.531" classname="com.main.FirstClassInMaven"/>
  <system-out/>
</testsuite> <!-- com.main.FirstClassInMaven -->
